<?xml version="1.0" encoding="UTF-8"?>
<testng-results skipped="0" failed="0" ignored="0" total="4" passed="4">
  <reporter-output>
  </reporter-output>
  <suite name="Default suite" duration-ms="145" started-at="2021-11-27T15:07:10 IST" finished-at="2021-11-27T15:07:10 IST">
    <groups>
    </groups>
    <test name="Default test" duration-ms="145" started-at="2021-11-27T15:07:10 IST" finished-at="2021-11-27T15:07:10 IST">
      <class name="com.Practice.Data_Provider">
        <test-method status="PASS" signature="Credential(java.lang.String,int)[pri:0, instance:com.Practice.Data_Provider@7ce6a65d]" name="Credential" duration-ms="15" started-at="2021-11-27T15:07:10 IST" data-provider="test_Data" finished-at="2021-11-27T15:07:10 IST">
          <params>
            <param index="0">
              <value>
                <![CDATA[neymar]]>
              </value>
            </param>
            <param index="1">
              <value>
                <![CDATA[123456]]>
              </value>
            </param>
          </params>
          <reporter-output>
          </reporter-output>
        </test-method> <!-- Credential -->
        <test-method status="PASS" signature="Credential(java.lang.String,int)[pri:0, instance:com.Practice.Data_Provider@7ce6a65d]" name="Credential" duration-ms="3" started-at="2021-11-27T15:07:10 IST" data-provider="test_Data" finished-at="2021-11-27T15:07:10 IST">
          <params>
            <param index="0">
              <value>
                <![CDATA[madhan]]>
              </value>
            </param>
            <param index="1">
              <value>
                <![CDATA[200693]]>
              </value>
            </param>
          </params>
          <reporter-output>
          </reporter-output>
        </test-method> <!-- Credential -->
        <test-method status="PASS" signature="Credential(java.lang.String,int)[pri:0, instance:com.Practice.Data_Provider@7ce6a65d]" name="Credential" duration-ms="3" started-at="2021-11-27T15:07:10 IST" data-provider="test_Data" finished-at="2021-11-27T15:07:10 IST">
          <params>
            <param index="0">
              <value>
                <![CDATA[mani]]>
              </value>
            </param>
            <param index="1">
              <value>
                <![CDATA[12345]]>
              </value>
            </param>
          </params>
          <reporter-output>
          </reporter-output>
        </test-method> <!-- Credential -->
        <test-method status="PASS" signature="Credential(java.lang.String,int)[pri:0, instance:com.Practice.Data_Provider@7ce6a65d]" name="Credential" duration-ms="7" started-at="2021-11-27T15:07:10 IST" data-provider="test_Data" finished-at="2021-11-27T15:07:10 IST">
          <params>
            <param index="0">
              <value>
                <![CDATA[kumar]]>
              </value>
            </param>
            <param index="1">
              <value>
                <![CDATA[123457]]>
              </value>
            </param>
          </params>
          <reporter-output>
          </reporter-output>
        </test-method> <!-- Credential -->
      </class> <!-- com.Practice.Data_Provider -->
    </test> <!-- Default test -->
  </suite> <!-- Default suite -->
</testng-results>
