<?xml version="1.0" encoding="UTF-8"?>
<!-- Generated by org.testng.reporters.JUnitXMLReporter -->
<testsuite hostname="Lenovo" ignored="0" name="Default test" tests="4" failures="0" timestamp="2021-11-27T15:07:10 IST" time="0.145" errors="0">
  <testcase name="Credential" time="0.015" classname="com.Practice.Data_Provider"/>
  <testcase name="Credential" time="0.003" classname="com.Practice.Data_Provider"/>
  <testcase name="Credential" time="0.003" classname="com.Practice.Data_Provider"/>
  <testcase name="Credential" time="0.007" classname="com.Practice.Data_Provider"/>
</testsuite> <!-- Default test -->
